{"level":"info","message":"Someone posted a blog with title 'dummy e'","timestamp":"2024-03-29T06:47:58.247Z"}
{"level":"warn","message":"Someone deleted a blog ","timestamp":"2024-03-29T07:07:09.750Z"}
{"level":"warn","message":"Someone deleted a blog ","timestamp":"2024-03-29T07:12:27.405Z"}
{"level":"warn","message":"Someone deleted a blog ","timestamp":"2024-03-29T07:12:40.451Z"}
{"level":"warn","message":"Someone deleted a blog ","timestamp":"2024-03-29T07:12:53.809Z"}
{"level":"warn","message":"Someone deleted a blog ","timestamp":"2024-03-29T07:13:20.941Z"}
{"level":"warn","message":"Someone deleted a blog ","timestamp":"2024-03-29T07:13:32.736Z"}
{"level":"warn","message":"Someone deleted a blog ","timestamp":"2024-03-29T07:13:42.772Z"}
{"level":"warn","message":"Someone deleted a blog ","timestamp":"2024-03-29T07:13:52.377Z"}
{"level":"warn","message":"Someone deleted a blog ","timestamp":"2024-03-29T07:14:11.109Z"}
{"level":"warn","message":"Someone deleted a blog ","timestamp":"2024-03-29T07:14:28.610Z"}
{"level":"warn","message":"Someone deleted a blog ","timestamp":"2024-04-01T05:01:37.336Z"}
{"level":"info","message":"Someone posted a blog with title 'How to become a MERN Stack Developer?'","timestamp":"2024-04-01T05:04:12.017Z"}
{"level":"warn","message":"Someone deleted a blog ","timestamp":"2024-04-01T05:05:40.578Z"}
{"level":"info","message":"Someone posted a blog with title 'How to become a MERN Stack Developer?'","timestamp":"2024-04-01T05:07:03.027Z"}
{"level":"warn","message":"Someone deleted a blog ","timestamp":"2024-04-01T06:29:01.176Z"}
{"level":"warn","message":"Someone deleted a blog ","timestamp":"2024-04-01T06:29:16.558Z"}
{"level":"warn","message":"Someone deleted a blog ","timestamp":"2024-04-01T06:29:29.927Z"}
{"level":"info","message":"Someone posted a blog with title 'How to join PieCyfer as a Intern. MERN Stack Developer?'","timestamp":"2024-04-01T06:32:12.508Z"}
{"level":"info","message":"Someone posted a blog with title 'How to implement Json WebToken (JWT) in Node JS?'","timestamp":"2024-04-01T08:05:41.410Z"}
{"level":"info","message":"Someone posted a blog with title 'dummy blog for testing'","timestamp":"2024-04-03T05:58:29.922Z"}
{"level":"info","message":"Someone posted a blog with title '1dummy blog for testing'","timestamp":"2024-04-03T06:52:03.153Z"}
{"level":"warn","message":"Someone deleted a blog ","timestamp":"2024-04-03T06:55:35.870Z"}
{"level":"warn","message":"Someone deleted a blog ","timestamp":"2024-04-03T06:55:46.392Z"}
{"level":"info","message":"Someone posted a blog with title '1dummy blog for testing'","timestamp":"2024-04-03T06:57:46.219Z"}
{"level":"info","message":"Someone posted a blog with title '1dummy blog for testing'","timestamp":"2024-04-03T06:58:04.313Z"}
{"level":"info","message":"Someone posted a blog with title '1dummy blog for testing'","timestamp":"2024-04-03T07:01:42.318Z"}
{"level":"info","message":"Someone posted a blog with title '1dummy blog for testing'","timestamp":"2024-04-03T07:06:40.983Z"}
{"level":"info","message":"Someone posted a blog with title '1dummy blog for testing'","timestamp":"2024-04-03T07:16:32.740Z"}
{"level":"info","message":"Someone posted a blog with title '1dummy blog for testing'","timestamp":"2024-04-03T07:17:47.626Z"}
{"level":"info","message":"Someone posted a blog with title '1dummy blog for testing'","timestamp":"2024-04-03T07:18:00.023Z"}
{"level":"warn","message":"Someone deleted a blog ","timestamp":"2024-04-03T07:43:31.630Z"}
{"level":"warn","message":"Someone deleted a blog ","timestamp":"2024-04-03T07:43:40.957Z"}
{"level":"warn","message":"Someone deleted a blog ","timestamp":"2024-04-03T07:43:52.899Z"}
{"level":"warn","message":"Someone deleted a blog ","timestamp":"2024-04-03T07:44:02.647Z"}
{"level":"warn","message":"Someone deleted a blog ","timestamp":"2024-04-03T07:44:12.329Z"}
{"level":"warn","message":"Someone deleted a blog ","timestamp":"2024-04-03T07:44:26.161Z"}
{"level":"warn","message":"Someone deleted a blog ","timestamp":"2024-04-03T07:44:39.743Z"}
{"level":"info","message":"Someone posted a blog with title '1dummy blog for testing'","timestamp":"2024-04-03T07:59:06.979Z"}
{"level":"info","message":"Someone posted a blog with title '1dummy blog for testing'","timestamp":"2024-04-03T08:01:20.111Z"}
{"level":"warn","message":"Someone deleted a blog ","timestamp":"2024-04-03T08:01:51.078Z"}
{"level":"warn","message":"Someone deleted a blog ","timestamp":"2024-04-03T08:02:00.977Z"}
{"level":"info","message":"Someone posted a blog with title '1dummy blog for testing'","timestamp":"2024-04-03T08:02:22.907Z"}
{"level":"info","message":"Someone posted a blog with title '1dummy blog for testing'","timestamp":"2024-04-03T08:13:45.468Z"}
{"level":"info","message":"Someone posted a blog with title '1dummy blog for testing'","timestamp":"2024-04-03T08:26:29.486Z"}
{"level":"info","message":"Someone posted a blog with title '1dummy blog for testing'","timestamp":"2024-04-03T08:26:54.642Z"}
{"level":"info","message":"Someone posted a blog with title '1dummy blog for testing'","timestamp":"2024-04-03T08:28:09.893Z"}
{"level":"info","message":"Someone posted a blog with title '1dummy blog for testing'","timestamp":"2024-04-03T08:29:36.865Z"}
{"level":"info","message":"Someone posted a blog with title '1dummy blog for testing'","timestamp":"2024-04-03T08:29:44.482Z"}
{"level":"info","message":"Someone posted a blog with title '1dummy blog for testing'","timestamp":"2024-04-03T09:15:24.110Z"}
{"level":"info","message":"Someone posted a blog with title '1dummy blog for testing'","timestamp":"2024-04-03T09:15:42.533Z"}
{"level":"info","message":"Someone posted a blog with title '1dummy blog for testing'","timestamp":"2024-04-03T09:17:03.564Z"}
{"level":"info","message":"Someone posted a blog with title '1dummy blog for testing'","timestamp":"2024-04-03T09:17:12.284Z"}
{"level":"info","message":"Someone posted a blog with title '1dummy blog for testing'","timestamp":"2024-04-03T09:17:42.828Z"}
{"level":"info","message":"Someone posted a blog with title '1dummy blog for testing'","timestamp":"2024-04-03T09:19:42.680Z"}
{"level":"info","message":"Someone posted a blog with title '1dummy blog for testing'","timestamp":"2024-04-03T09:21:34.248Z"}
{"level":"info","message":"Someone posted a blog with title 'Roadmap to become a MERN Stack Developer?'","timestamp":"2024-04-03T09:25:00.765Z"}
{"level":"warn","message":"All blogs deleted","timestamp":"2024-04-03T10:48:15.071Z"}
{"level":"info","message":"Someone posted a blog with title 'Roadmap to become a MERN Stack Developer?'","timestamp":"2024-04-03T10:49:46.006Z"}
{"level":"info","message":"Someone posted a blog with title 'Roadmap to become a MERN Stack Developer?'","timestamp":"2024-04-03T11:00:03.213Z"}
{"level":"warn","message":"Someone deleted a blog","timestamp":"2024-04-03T11:04:01.923Z"}
{"level":"info","message":"Someone posted a blog with title 'Roadmap to become a MERN Stack Developer?'","timestamp":"2024-04-03T11:11:06.099Z"}
{"level":"warn","message":"Someone deleted a blog","timestamp":"2024-04-04T05:46:25.413Z"}
{"level":"info","message":"Someone posted a blog with title 'How to join PieCyfer?'","timestamp":"2024-04-04T05:48:28.132Z"}
{"level":"warn","message":"Someone deleted a blog","timestamp":"2024-04-04T05:52:08.087Z"}
{"level":"info","message":"Someone posted a blog with title 'How to join PieCyfer?'","timestamp":"2024-04-04T05:55:36.657Z"}
{"level":"info","message":"Someone posted a blog with title 'dummy How to join PieCyfer?'","timestamp":"2024-04-04T06:58:34.755Z"}
{"level":"info","message":"Someone posted a blog with title 'dummy How to join PieCyfer?'","timestamp":"2024-04-04T06:59:15.838Z"}
{"level":"info","message":"Someone posted a blog with title 'dummy How to join PieCyfer?'","timestamp":"2024-04-04T07:03:00.684Z"}
{"level":"info","message":"Someone posted a blog with title 'dummy How to join PieCyfer?'","timestamp":"2024-04-04T07:03:29.267Z"}
{"level":"info","message":"Someone posted a blog with title 'dummy How to join PieCyfer?'","timestamp":"2024-04-04T07:04:53.601Z"}
{"level":"warn","message":"All blogs deleted","timestamp":"2024-04-04T07:38:00.814Z"}
{"level":"info","message":"Someone posted a blog with title 'dummy How to join PieCyfer?'","timestamp":"2024-04-04T07:43:27.948Z"}
{"level":"warn","message":"Someone deleted a blog","timestamp":"2024-04-08T10:13:17.112Z"}
{"level":"warn","message":"Someone deleted a blog","timestamp":"2024-04-08T10:15:45.710Z"}
{"level":"warn","message":"Someone deleted a blog","timestamp":"2024-04-08T10:38:20.783Z"}
{"level":"warn","message":"Someone deleted a blog","timestamp":"2024-04-08T10:55:29.605Z"}
{"level":"warn","message":"Someone deleted a blog","timestamp":"2024-04-08T11:00:33.570Z"}
{"level":"warn","message":"Someone deleted a blog","timestamp":"2024-04-08T11:11:04.315Z"}
{"level":"warn","message":"Someone deleted a blog","timestamp":"2024-04-08T11:13:35.567Z"}
{"level":"warn","message":"All blogs deleted","timestamp":"2024-04-17T04:42:24.958Z"}
{"level":"warn","message":"Someone deleted a blog","timestamp":"2024-04-17T05:43:16.175Z"}
{"level":"warn","message":"Someone deleted a blog","timestamp":"2024-04-17T05:59:15.699Z"}
{"level":"warn","message":"Someone deleted a blog","timestamp":"2024-04-17T06:44:57.325Z"}
{"level":"warn","message":"Someone deleted a blog","timestamp":"2024-04-17T09:05:40.489Z"}
{"level":"warn","message":"Someone deleted a blog","timestamp":"2024-04-17T09:28:20.938Z"}
{"level":"warn","message":"Someone deleted a blog","timestamp":"2024-04-17T10:08:54.011Z"}
{"level":"warn","message":"Someone deleted a blog","timestamp":"2024-04-17T12:44:27.368Z"}
{"level":"warn","message":"Someone deleted a blog","timestamp":"2024-05-03T12:43:30.789Z"}
